<?xml version="1.0" encoding="UTF-8"?>
<testng-results ignored="0" total="4" passed="4" failed="0" skipped="0">
  <reporter-output>
  </reporter-output>
  <suite started-at="2025-04-18T23:13:46 IST" name="Default suite" finished-at="2025-04-18T23:13:52 IST" duration-ms="6219">
    <groups>
    </groups>
    <test started-at="2025-04-18T23:13:46 IST" name="Default test" finished-at="2025-04-18T23:13:52 IST" duration-ms="6219">
      <class name="testScripts.Jira_API">
        <test-method signature="createBug()[pri:0, instance:testScripts.Jira_API@26e356f0]" started-at="2025-04-18T23:13:46 IST" name="createBug" finished-at="2025-04-18T23:13:50 IST" duration-ms="3427" status="PASS">
          <reporter-output>
          </reporter-output>
        </test-method> <!-- createBug -->
        <test-method signature="addAttachment()[pri:0, instance:testScripts.Jira_API@26e356f0]" started-at="2025-04-18T23:13:50 IST" name="addAttachment" finished-at="2025-04-18T23:13:51 IST" depends-on-methods="testScripts.Jira_API.createBug" duration-ms="1679" status="PASS">
          <reporter-output>
          </reporter-output>
        </test-method> <!-- addAttachment -->
        <test-method signature="getBugOrissue()[pri:0, instance:testScripts.Jira_API@26e356f0]" started-at="2025-04-18T23:13:51 IST" name="getBugOrissue" finished-at="2025-04-18T23:13:52 IST" depends-on-methods="testScripts.Jira_API.addAttachment" duration-ms="463" status="PASS">
          <reporter-output>
          </reporter-output>
        </test-method> <!-- getBugOrissue -->
        <test-method signature="deleteAttachment()[pri:0, instance:testScripts.Jira_API@26e356f0]" started-at="2025-04-18T23:13:52 IST" name="deleteAttachment" finished-at="2025-04-18T23:13:52 IST" depends-on-methods="testScripts.Jira_API.getBugOrissue" duration-ms="589" status="PASS">
          <reporter-output>
          </reporter-output>
        </test-method> <!-- deleteAttachment -->
      </class> <!-- testScripts.Jira_API -->
    </test> <!-- Default test -->
  </suite> <!-- Default suite -->
</testng-results>
